[2025-08-29T17:29:17.846Z] Archivo no encontrado o error de acceso: Error: ENOENT: no such file or directory, access 'C:\Users\Sistemas litografico\Documents\dev\dnb bank\my-card\landings\favicon.ico\test.txt'
[2025-08-30T13:17:12.571Z] Archivo no encontrado o error de acceso: Error: ENOENT: no such file or directory, access 'C:\Users\Sistemas litografico\Documents\dev\dnb bank\my-card\public\landings\my-personal-card97\test.txt'
[2025-08-31T17:07:43.729Z] Archivo no encontrado o error de acceso: Error: ENOENT: no such file or directory, access 'C:\Users\Wil\Documents\dev\my-card-dv-bank\public\landings\my-personal-card10\test.txt'
[2025-08-31T17:08:09.330Z] Archivo no encontrado o error de acceso: Error: ENOENT: no such file or directory, access 'C:\Users\Wil\Documents\dev\my-card-dv-bank\public\landings\my-personal-card10\test.txt'
[2025-08-31T17:13:03.095Z] Archivo index.html no encontrado o error de acceso: Error: ENOENT: no such file or directory, access 'C:\Users\Wil\Documents\dev\my-card-dv-bank\public\landings\style.css\index.html'
[2025-08-31T17:13:03.106Z] Archivo index.html no encontrado o error de acceso: Error: ENOENT: no such file or directory, access 'C:\Users\Wil\Documents\dev\my-card-dv-bank\public\landings\script.js\index.html'
[2025-08-31T17:14:10.835Z] Archivo index.html no encontrado o error de acceso: Error: ENOENT: no such file or directory, access 'C:\Users\Wil\Documents\dev\my-card-dv-bank\public\landings\style.css\index.html'
[2025-08-31T17:14:10.952Z] Archivo index.html no encontrado o error de acceso: Error: ENOENT: no such file or directory, access 'C:\Users\Wil\Documents\dev\my-card-dv-bank\public\landings\script.js\index.html'
[2025-08-31T17:14:13.149Z] Archivo index.html no encontrado o error de acceso: Error: ENOENT: no such file or directory, access 'C:\Users\Wil\Documents\dev\my-card-dv-bank\public\landings\style.css\index.html'
[2025-08-31T17:14:13.238Z] Archivo index.html no encontrado o error de acceso: Error: ENOENT: no such file or directory, access 'C:\Users\Wil\Documents\dev\my-card-dv-bank\public\landings\script.js\index.html'
[2025-08-31T17:14:15.358Z] Archivo index.html no encontrado o error de acceso: Error: ENOENT: no such file or directory, access 'C:\Users\Wil\Documents\dev\my-card-dv-bank\public\landings\style.css\index.html'
[2025-08-31T17:14:15.453Z] Archivo index.html no encontrado o error de acceso: Error: ENOENT: no such file or directory, access 'C:\Users\Wil\Documents\dev\my-card-dv-bank\public\landings\script.js\index.html'
[2025-08-31T17:14:58.724Z] Archivo index.html no encontrado o error de acceso: Error: ENOENT: no such file or directory, access 'C:\Users\Wil\Documents\dev\my-card-dv-bank\public\landings\style.css\index.html'
[2025-08-31T17:14:58.832Z] Archivo index.html no encontrado o error de acceso: Error: ENOENT: no such file or directory, access 'C:\Users\Wil\Documents\dev\my-card-dv-bank\public\landings\script.js\index.html'
[2025-08-31T17:14:58.945Z] Archivo index.html no encontrado o error de acceso: Error: ENOENT: no such file or directory, access 'C:\Users\Wil\Documents\dev\my-card-dv-bank\public\landings\style.css\index.html'
[2025-08-31T17:14:59.035Z] Archivo index.html no encontrado o error de acceso: Error: ENOENT: no such file or directory, access 'C:\Users\Wil\Documents\dev\my-card-dv-bank\public\landings\script.js\index.html'
[2025-08-31T17:14:59.151Z] Archivo index.html no encontrado o error de acceso: Error: ENOENT: no such file or directory, access 'C:\Users\Wil\Documents\dev\my-card-dv-bank\public\landings\style.css\index.html'
[2025-08-31T17:14:59.238Z] Archivo index.html no encontrado o error de acceso: Error: ENOENT: no such file or directory, access 'C:\Users\Wil\Documents\dev\my-card-dv-bank\public\landings\script.js\index.html'
[2025-08-31T17:14:59.338Z] Archivo index.html no encontrado o error de acceso: Error: ENOENT: no such file or directory, access 'C:\Users\Wil\Documents\dev\my-card-dv-bank\public\landings\style.css\index.html'
[2025-08-31T17:14:59.426Z] Archivo index.html no encontrado o error de acceso: Error: ENOENT: no such file or directory, access 'C:\Users\Wil\Documents\dev\my-card-dv-bank\public\landings\script.js\index.html'
[2025-08-31T17:14:59.512Z] Archivo index.html no encontrado o error de acceso: Error: ENOENT: no such file or directory, access 'C:\Users\Wil\Documents\dev\my-card-dv-bank\public\landings\style.css\index.html'
[2025-08-31T17:14:59.605Z] Archivo index.html no encontrado o error de acceso: Error: ENOENT: no such file or directory, access 'C:\Users\Wil\Documents\dev\my-card-dv-bank\public\landings\script.js\index.html'
[2025-08-31T17:14:59.699Z] Archivo index.html no encontrado o error de acceso: Error: ENOENT: no such file or directory, access 'C:\Users\Wil\Documents\dev\my-card-dv-bank\public\landings\style.css\index.html'
[2025-08-31T17:14:59.801Z] Archivo index.html no encontrado o error de acceso: Error: ENOENT: no such file or directory, access 'C:\Users\Wil\Documents\dev\my-card-dv-bank\public\landings\script.js\index.html'
[2025-08-31T17:14:59.888Z] Archivo index.html no encontrado o error de acceso: Error: ENOENT: no such file or directory, access 'C:\Users\Wil\Documents\dev\my-card-dv-bank\public\landings\style.css\index.html'
[2025-08-31T17:14:59.986Z] Archivo index.html no encontrado o error de acceso: Error: ENOENT: no such file or directory, access 'C:\Users\Wil\Documents\dev\my-card-dv-bank\public\landings\script.js\index.html'
[2025-08-31T17:15:57.500Z] Archivo index.html no encontrado o error de acceso: Error: ENOENT: no such file or directory, access 'C:\Users\Wil\Documents\dev\my-card-dv-bank\public\landings\style.css\index.html'
[2025-08-31T17:15:57.665Z] Archivo index.html no encontrado o error de acceso: Error: ENOENT: no such file or directory, access 'C:\Users\Wil\Documents\dev\my-card-dv-bank\public\landings\script.js\index.html'
[2025-08-31T17:16:02.046Z] Archivo index.html no encontrado o error de acceso: Error: ENOENT: no such file or directory, access 'C:\Users\Wil\Documents\dev\my-card-dv-bank\public\landings\style.css\index.html'
[2025-08-31T17:16:02.139Z] Archivo index.html no encontrado o error de acceso: Error: ENOENT: no such file or directory, access 'C:\Users\Wil\Documents\dev\my-card-dv-bank\public\landings\script.js\index.html'
